  Camera.cpp
C:\Users\Admin\source\repos\ConsoleApplicationAbobe3\ConsoleApplicationAbobe3\Camera.cpp(13,14): warning C4244: инициализация: преобразование "T" в "int", возможна потеря данных
C:\Users\Admin\source\repos\ConsoleApplicationAbobe3\ConsoleApplicationAbobe3\Camera.cpp(13,14): warning C4244:         with
C:\Users\Admin\source\repos\ConsoleApplicationAbobe3\ConsoleApplicationAbobe3\Camera.cpp(13,14): warning C4244:         [
C:\Users\Admin\source\repos\ConsoleApplicationAbobe3\ConsoleApplicationAbobe3\Camera.cpp(13,14): warning C4244:             T=float
C:\Users\Admin\source\repos\ConsoleApplicationAbobe3\ConsoleApplicationAbobe3\Camera.cpp(13,14): warning C4244:         ]
C:\Users\Admin\source\repos\ConsoleApplicationAbobe3\ConsoleApplicationAbobe3\Camera.cpp(14,14): warning C4244: инициализация: преобразование "T" в "int", возможна потеря данных
C:\Users\Admin\source\repos\ConsoleApplicationAbobe3\ConsoleApplicationAbobe3\Camera.cpp(14,14): warning C4244:         with
C:\Users\Admin\source\repos\ConsoleApplicationAbobe3\ConsoleApplicationAbobe3\Camera.cpp(14,14): warning C4244:         [
C:\Users\Admin\source\repos\ConsoleApplicationAbobe3\ConsoleApplicationAbobe3\Camera.cpp(14,14): warning C4244:             T=float
C:\Users\Admin\source\repos\ConsoleApplicationAbobe3\ConsoleApplicationAbobe3\Camera.cpp(14,14): warning C4244:         ]
C:\Users\Admin\source\repos\ConsoleApplicationAbobe3\ConsoleApplicationAbobe3\Camera.cpp(30,26): warning C4244: аргумент: преобразование "int" в "float", возможна потеря данных
C:\Users\Admin\source\repos\ConsoleApplicationAbobe3\ConsoleApplicationAbobe3\Camera.cpp(30,17): warning C4244: аргумент: преобразование "int" в "float", возможна потеря данных
  Engine.cpp
  Engine.h
x64\Release\Engine.obj : warning LNK4042: объект указан более одного раза; лишние не учитываются
  Создание кода
  11 of 101 functions (10.9%) were compiled, the rest were copied from previous compilation.
    0 functions were new in current compilation
    0 functions had inline decision re-evaluated but remain unchanged
  Создание кода завершено
  ConsoleApplicationAbobe3.vcxproj -> C:\Users\Admin\source\repos\ConsoleApplicationAbobe3\x64\Release\ConsoleApplicationAbobe3.exe
